app/build/intermediates/manifest_merge_blame_file/debug/manifest-merger-blame-debug-report.txt
1<?xml version="1.0" encoding="utf-8"?>
2<manifest xmlns:android="http://schemas.android.com/apk/res/android"
3    package="com.newzarc.newzarcapp"
4    android:versionCode="1"
5    android:versionName="1.0" >
6
7    <uses-sdk
8        android:minSdkVersion="24"
8-->src\main\AndroidManifest.xml
9        android:targetSdkVersion="34" />
9-->src\main\AndroidManifest.xml
10
11    <uses-permission android:name="android.permission.INTERNET" />
11-->src\main\AndroidManifest.xml:5:5-67
11-->src\main\AndroidManifest.xml:5:22-64
12    <uses-permission android:name="android.permission.POST_NOTIFICATIONS" />
12-->src\main\AndroidManifest.xml:6:5-77
12-->src\main\AndroidManifest.xml:6:22-74
13    <uses-permission android:name="android.permission.ACCESS_NETWORK_STATE" />
13-->src\main\AndroidManifest.xml:7:5-79
13-->src\main\AndroidManifest.xml:7:22-76
14    <uses-permission android:name="android.permission.WAKE_LOCK" />
14-->[androidx.work:work-runtime:2.3.4] AndroidManifest.xml:25:5-68
14-->[androidx.work:work-runtime:2.3.4] AndroidManifest.xml:25:22-65
15    <uses-permission android:name="android.permission.RECEIVE_BOOT_COMPLETED" />
15-->[androidx.work:work-runtime:2.3.4] AndroidManifest.xml:27:5-81
15-->[androidx.work:work-runtime:2.3.4] AndroidManifest.xml:27:22-78
16    <uses-permission android:name="android.permission.FOREGROUND_SERVICE" />
16-->[androidx.work:work-runtime:2.3.4] AndroidManifest.xml:28:5-77
16-->[androidx.work:work-runtime:2.3.4] AndroidManifest.xml:28:22-74
17
18    <permission
18-->[androidx.core:core:1.10.1] AndroidManifest.xml:22:5-24:47
19        android:name="com.newzarc.newzarcapp.DYNAMIC_RECEIVER_NOT_EXPORTED_PERMISSION"
19-->[androidx.core:core:1.10.1] AndroidManifest.xml:23:9-81
20        android:protectionLevel="signature" />
20-->[androidx.core:core:1.10.1] AndroidManifest.xml:24:9-44
21
22    <uses-permission android:name="com.newzarc.newzarcapp.DYNAMIC_RECEIVER_NOT_EXPORTED_PERMISSION" />
22-->[androidx.core:core:1.10.1] AndroidManifest.xml:26:5-97
22-->[androidx.core:core:1.10.1] AndroidManifest.xml:26:22-94
23    <uses-permission android:name="android.permission.REORDER_TASKS" />
23-->[androidx.test:core:1.4.0] AndroidManifest.xml:24:5-72
23-->[androidx.test:core:1.4.0] AndroidManifest.xml:24:22-69
24
25    <application
25-->src\main\AndroidManifest.xml:9:5-37:19
26        android:name="com.newzarc.newzarcapp.app.NewzarcApplication"
26-->src\main\AndroidManifest.xml:10:9-47
27        android:allowBackup="true"
27-->src\main\AndroidManifest.xml:11:9-35
28        android:appComponentFactory="androidx.core.app.CoreComponentFactory"
28-->[androidx.core:core:1.10.1] AndroidManifest.xml:28:18-86
29        android:dataExtractionRules="@xml/data_extraction_rules"
29-->src\main\AndroidManifest.xml:12:9-65
30        android:debuggable="true"
31        android:extractNativeLibs="false"
32        android:fullBackupContent="@xml/backup_rules"
32-->src\main\AndroidManifest.xml:13:9-54
33        android:icon="@mipmap/ic_launcher"
33-->src\main\AndroidManifest.xml:14:9-43
34        android:label="@string/app_name"
34-->src\main\AndroidManifest.xml:15:9-41
35        android:networkSecurityConfig="@xml/network_security_config"
35-->src\main\AndroidManifest.xml:16:9-69
36        android:roundIcon="@mipmap/ic_launcher_round"
36-->src\main\AndroidManifest.xml:17:9-54
37        android:supportsRtl="true"
37-->src\main\AndroidManifest.xml:18:9-35
38        android:testOnly="true"
39        android:theme="@style/Theme.NewzarcApp"
39-->src\main\AndroidManifest.xml:19:9-48
40        android:usesCleartextTraffic="true" >
40-->src\main\AndroidManifest.xml:20:9-44
41        <service
41-->src\main\AndroidManifest.xml:22:9-25:47
42            android:name="com.newzarc.newzarcapp.views.service.NetworkMonitorService"
42-->src\main\AndroidManifest.xml:23:13-64
43            android:enabled="true"
43-->src\main\AndroidManifest.xml:24:13-35
44            android:exported="true" />
44-->src\main\AndroidManifest.xml:25:13-36
45
46        <activity
46-->src\main\AndroidManifest.xml:27:9-36:20
47            android:name="com.newzarc.newzarcapp.MainActivity"
47-->src\main\AndroidManifest.xml:28:13-41
48            android:exported="true"
48-->src\main\AndroidManifest.xml:29:13-36
49            android:theme="@style/Theme.NewzarcApp" >
49-->src\main\AndroidManifest.xml:30:13-52
50            <intent-filter>
50-->src\main\AndroidManifest.xml:31:13-35:29
51                <action android:name="android.intent.action.MAIN" />
51-->src\main\AndroidManifest.xml:32:17-69
51-->src\main\AndroidManifest.xml:32:25-66
52
53                <category android:name="android.intent.category.LAUNCHER" />
53-->src\main\AndroidManifest.xml:34:17-77
53-->src\main\AndroidManifest.xml:34:27-74
54            </intent-filter>
55        </activity>
56        <activity
56-->[androidx.compose.ui:ui-test-manifest:1.4.3] AndroidManifest.xml:23:9-25:39
57            android:name="androidx.activity.ComponentActivity"
57-->[androidx.compose.ui:ui-test-manifest:1.4.3] AndroidManifest.xml:24:13-63
58            android:exported="true" />
58-->[androidx.compose.ui:ui-test-manifest:1.4.3] AndroidManifest.xml:25:13-36
59
60        <provider
60-->[androidx.work:work-runtime:2.3.4] AndroidManifest.xml:31:9-37:35
61            android:name="androidx.work.impl.WorkManagerInitializer"
61-->[androidx.work:work-runtime:2.3.4] AndroidManifest.xml:32:13-69
62            android:authorities="com.newzarc.newzarcapp.workmanager-init"
62-->[androidx.work:work-runtime:2.3.4] AndroidManifest.xml:33:13-68
63            android:directBootAware="false"
63-->[androidx.work:work-runtime:2.3.4] AndroidManifest.xml:34:13-44
64            android:exported="false"
64-->[androidx.work:work-runtime:2.3.4] AndroidManifest.xml:35:13-37
65            android:multiprocess="true" />
65-->[androidx.work:work-runtime:2.3.4] AndroidManifest.xml:36:13-40
66
67        <service
67-->[androidx.work:work-runtime:2.3.4] AndroidManifest.xml:39:9-44:35
68            android:name="androidx.work.impl.background.systemalarm.SystemAlarmService"
68-->[androidx.work:work-runtime:2.3.4] AndroidManifest.xml:40:13-88
69            android:directBootAware="false"
69-->[androidx.work:work-runtime:2.3.4] AndroidManifest.xml:41:13-44
70            android:enabled="@bool/enable_system_alarm_service_default"
70-->[androidx.work:work-runtime:2.3.4] AndroidManifest.xml:42:13-72
71            android:exported="false" />
71-->[androidx.work:work-runtime:2.3.4] AndroidManifest.xml:43:13-37
72        <service
72-->[androidx.work:work-runtime:2.3.4] AndroidManifest.xml:45:9-51:35
73            android:name="androidx.work.impl.background.systemjob.SystemJobService"
73-->[androidx.work:work-runtime:2.3.4] AndroidManifest.xml:46:13-84
74            android:directBootAware="false"
74-->[androidx.work:work-runtime:2.3.4] AndroidManifest.xml:47:13-44
75            android:enabled="@bool/enable_system_job_service_default"
75-->[androidx.work:work-runtime:2.3.4] AndroidManifest.xml:48:13-70
76            android:exported="true"
76-->[androidx.work:work-runtime:2.3.4] AndroidManifest.xml:49:13-36
77            android:permission="android.permission.BIND_JOB_SERVICE" />
77-->[androidx.work:work-runtime:2.3.4] AndroidManifest.xml:50:13-69
78        <service
78-->[androidx.work:work-runtime:2.3.4] AndroidManifest.xml:52:9-57:35
79            android:name="androidx.work.impl.foreground.SystemForegroundService"
79-->[androidx.work:work-runtime:2.3.4] AndroidManifest.xml:53:13-81
80            android:directBootAware="false"
80-->[androidx.work:work-runtime:2.3.4] AndroidManifest.xml:54:13-44
81            android:enabled="@bool/enable_system_foreground_service_default"
81-->[androidx.work:work-runtime:2.3.4] AndroidManifest.xml:55:13-77
82            android:exported="false" />
82-->[androidx.work:work-runtime:2.3.4] AndroidManifest.xml:56:13-37
83
84        <receiver
84-->[androidx.work:work-runtime:2.3.4] AndroidManifest.xml:59:9-64:35
85            android:name="androidx.work.impl.utils.ForceStopRunnable$BroadcastReceiver"
85-->[androidx.work:work-runtime:2.3.4] AndroidManifest.xml:60:13-88
86            android:directBootAware="false"
86-->[androidx.work:work-runtime:2.3.4] AndroidManifest.xml:61:13-44
87            android:enabled="true"
87-->[androidx.work:work-runtime:2.3.4] AndroidManifest.xml:62:13-35
88            android:exported="false" />
88-->[androidx.work:work-runtime:2.3.4] AndroidManifest.xml:63:13-37
89        <receiver
89-->[androidx.work:work-runtime:2.3.4] AndroidManifest.xml:65:9-75:20
90            android:name="androidx.work.impl.background.systemalarm.ConstraintProxy$BatteryChargingProxy"
90-->[androidx.work:work-runtime:2.3.4] AndroidManifest.xml:66:13-106
91            android:directBootAware="false"
91-->[androidx.work:work-runtime:2.3.4] AndroidManifest.xml:67:13-44
92            android:enabled="false"
92-->[androidx.work:work-runtime:2.3.4] AndroidManifest.xml:68:13-36
93            android:exported="false" >
93-->[androidx.work:work-runtime:2.3.4] AndroidManifest.xml:69:13-37
94            <intent-filter>
94-->[androidx.work:work-runtime:2.3.4] AndroidManifest.xml:71:13-74:29
95                <action android:name="android.intent.action.ACTION_POWER_CONNECTED" />
95-->[androidx.work:work-runtime:2.3.4] AndroidManifest.xml:72:17-87
95-->[androidx.work:work-runtime:2.3.4] AndroidManifest.xml:72:25-84
96                <action android:name="android.intent.action.ACTION_POWER_DISCONNECTED" />
96-->[androidx.work:work-runtime:2.3.4] AndroidManifest.xml:73:17-90
96-->[androidx.work:work-runtime:2.3.4] AndroidManifest.xml:73:25-87
97            </intent-filter>
98        </receiver>
99        <receiver
99-->[androidx.work:work-runtime:2.3.4] AndroidManifest.xml:76:9-86:20
100            android:name="androidx.work.impl.background.systemalarm.ConstraintProxy$BatteryNotLowProxy"
100-->[androidx.work:work-runtime:2.3.4] AndroidManifest.xml:77:13-104
101            android:directBootAware="false"
101-->[androidx.work:work-runtime:2.3.4] AndroidManifest.xml:78:13-44
102            android:enabled="false"
102-->[androidx.work:work-runtime:2.3.4] AndroidManifest.xml:79:13-36
103            android:exported="false" >
103-->[androidx.work:work-runtime:2.3.4] AndroidManifest.xml:80:13-37
104            <intent-filter>
104-->[androidx.work:work-runtime:2.3.4] AndroidManifest.xml:82:13-85:29
105                <action android:name="android.intent.action.BATTERY_OKAY" />
105-->[androidx.work:work-runtime:2.3.4] AndroidManifest.xml:83:17-77
105-->[androidx.work:work-runtime:2.3.4] AndroidManifest.xml:83:25-74
106                <action android:name="android.intent.action.BATTERY_LOW" />
106-->[androidx.work:work-runtime:2.3.4] AndroidManifest.xml:84:17-76
106-->[androidx.work:work-runtime:2.3.4] AndroidManifest.xml:84:25-73
107            </intent-filter>
108        </receiver>
109        <receiver
109-->[androidx.work:work-runtime:2.3.4] AndroidManifest.xml:87:9-97:20
110            android:name="androidx.work.impl.background.systemalarm.ConstraintProxy$StorageNotLowProxy"
110-->[androidx.work:work-runtime:2.3.4] AndroidManifest.xml:88:13-104
111            android:directBootAware="false"
111-->[androidx.work:work-runtime:2.3.4] AndroidManifest.xml:89:13-44
112            android:enabled="false"
112-->[androidx.work:work-runtime:2.3.4] AndroidManifest.xml:90:13-36
113            android:exported="false" >
113-->[androidx.work:work-runtime:2.3.4] AndroidManifest.xml:91:13-37
114            <intent-filter>
114-->[androidx.work:work-runtime:2.3.4] AndroidManifest.xml:93:13-96:29
115                <action android:name="android.intent.action.DEVICE_STORAGE_LOW" />
115-->[androidx.work:work-runtime:2.3.4] AndroidManifest.xml:94:17-83
115-->[androidx.work:work-runtime:2.3.4] AndroidManifest.xml:94:25-80
116                <action android:name="android.intent.action.DEVICE_STORAGE_OK" />
116-->[androidx.work:work-runtime:2.3.4] AndroidManifest.xml:95:17-82
116-->[androidx.work:work-runtime:2.3.4] AndroidManifest.xml:95:25-79
117            </intent-filter>
118        </receiver>
119        <receiver
119-->[androidx.work:work-runtime:2.3.4] AndroidManifest.xml:98:9-107:20
120            android:name="androidx.work.impl.background.systemalarm.ConstraintProxy$NetworkStateProxy"
120-->[androidx.work:work-runtime:2.3.4] AndroidManifest.xml:99:13-103
121            android:directBootAware="false"
121-->[androidx.work:work-runtime:2.3.4] AndroidManifest.xml:100:13-44
122            android:enabled="false"
122-->[androidx.work:work-runtime:2.3.4] AndroidManifest.xml:101:13-36
123            android:exported="false" >
123-->[androidx.work:work-runtime:2.3.4] AndroidManifest.xml:102:13-37
124            <intent-filter>
124-->[androidx.work:work-runtime:2.3.4] AndroidManifest.xml:104:13-106:29
125                <action android:name="android.net.conn.CONNECTIVITY_CHANGE" />
125-->[androidx.work:work-runtime:2.3.4] AndroidManifest.xml:105:17-79
125-->[androidx.work:work-runtime:2.3.4] AndroidManifest.xml:105:25-76
126            </intent-filter>
127        </receiver>
128        <receiver
128-->[androidx.work:work-runtime:2.3.4] AndroidManifest.xml:108:9-119:20
129            android:name="androidx.work.impl.background.systemalarm.RescheduleReceiver"
129-->[androidx.work:work-runtime:2.3.4] AndroidManifest.xml:109:13-88
130            android:directBootAware="false"
130-->[androidx.work:work-runtime:2.3.4] AndroidManifest.xml:110:13-44
131            android:enabled="false"
131-->[androidx.work:work-runtime:2.3.4] AndroidManifest.xml:111:13-36
132            android:exported="false" >
132-->[androidx.work:work-runtime:2.3.4] AndroidManifest.xml:112:13-37
133            <intent-filter>
133-->[androidx.work:work-runtime:2.3.4] AndroidManifest.xml:114:13-118:29
134                <action android:name="android.intent.action.BOOT_COMPLETED" />
134-->[androidx.work:work-runtime:2.3.4] AndroidManifest.xml:115:17-79
134-->[androidx.work:work-runtime:2.3.4] AndroidManifest.xml:115:25-76
135                <action android:name="android.intent.action.TIME_SET" />
135-->[androidx.work:work-runtime:2.3.4] AndroidManifest.xml:116:17-73
135-->[androidx.work:work-runtime:2.3.4] AndroidManifest.xml:116:25-70
136                <action android:name="android.intent.action.TIMEZONE_CHANGED" />
136-->[androidx.work:work-runtime:2.3.4] AndroidManifest.xml:117:17-81
136-->[androidx.work:work-runtime:2.3.4] AndroidManifest.xml:117:25-78
137            </intent-filter>
138        </receiver>
139        <receiver
139-->[androidx.work:work-runtime:2.3.4] AndroidManifest.xml:120:9-129:20
140            android:name="androidx.work.impl.background.systemalarm.ConstraintProxyUpdateReceiver"
140-->[androidx.work:work-runtime:2.3.4] AndroidManifest.xml:121:13-99
141            android:directBootAware="false"
141-->[androidx.work:work-runtime:2.3.4] AndroidManifest.xml:122:13-44
142            android:enabled="@bool/enable_system_alarm_service_default"
142-->[androidx.work:work-runtime:2.3.4] AndroidManifest.xml:123:13-72
143            android:exported="false" >
143-->[androidx.work:work-runtime:2.3.4] AndroidManifest.xml:124:13-37
144            <intent-filter>
144-->[androidx.work:work-runtime:2.3.4] AndroidManifest.xml:126:13-128:29
145                <action android:name="androidx.work.impl.background.systemalarm.UpdateProxies" />
145-->[androidx.work:work-runtime:2.3.4] AndroidManifest.xml:127:17-98
145-->[androidx.work:work-runtime:2.3.4] AndroidManifest.xml:127:25-95
146            </intent-filter>
147        </receiver>
148
149        <provider
149-->[androidx.emoji2:emoji2:1.3.0] AndroidManifest.xml:24:9-32:20
150            android:name="androidx.startup.InitializationProvider"
150-->[androidx.emoji2:emoji2:1.3.0] AndroidManifest.xml:25:13-67
151            android:authorities="com.newzarc.newzarcapp.androidx-startup"
151-->[androidx.emoji2:emoji2:1.3.0] AndroidManifest.xml:26:13-68
152            android:exported="false" >
152-->[androidx.emoji2:emoji2:1.3.0] AndroidManifest.xml:27:13-37
153            <meta-data
153-->[androidx.emoji2:emoji2:1.3.0] AndroidManifest.xml:29:13-31:52
154                android:name="androidx.emoji2.text.EmojiCompatInitializer"
154-->[androidx.emoji2:emoji2:1.3.0] AndroidManifest.xml:30:17-75
155                android:value="androidx.startup" />
155-->[androidx.emoji2:emoji2:1.3.0] AndroidManifest.xml:31:17-49
156            <meta-data
156-->[androidx.lifecycle:lifecycle-process:2.6.1] AndroidManifest.xml:29:13-31:52
157                android:name="androidx.lifecycle.ProcessLifecycleInitializer"
157-->[androidx.lifecycle:lifecycle-process:2.6.1] AndroidManifest.xml:30:17-78
158                android:value="androidx.startup" />
158-->[androidx.lifecycle:lifecycle-process:2.6.1] AndroidManifest.xml:31:17-49
159            <meta-data
159-->[androidx.profileinstaller:profileinstaller:1.3.0] AndroidManifest.xml:29:13-31:52
160                android:name="androidx.profileinstaller.ProfileInstallerInitializer"
160-->[androidx.profileinstaller:profileinstaller:1.3.0] AndroidManifest.xml:30:17-85
161                android:value="androidx.startup" />
161-->[androidx.profileinstaller:profileinstaller:1.3.0] AndroidManifest.xml:31:17-49
162        </provider>
163
164        <activity
164-->[androidx.test:core:1.4.0] AndroidManifest.xml:27:9-34:20
165            android:name="androidx.test.core.app.InstrumentationActivityInvoker$BootstrapActivity"
165-->[androidx.test:core:1.4.0] AndroidManifest.xml:28:13-99
166            android:exported="true"
166-->[androidx.test:core:1.4.0] AndroidManifest.xml:29:13-36
167            android:theme="@android:style/Theme" >
167-->[androidx.test:core:1.4.0] AndroidManifest.xml:30:13-49
168            <intent-filter>
168-->[androidx.test:core:1.4.0] AndroidManifest.xml:31:13-33:29
169                <action android:name="android.intent.action.MAIN" />
169-->src\main\AndroidManifest.xml:32:17-69
169-->src\main\AndroidManifest.xml:32:25-66
170            </intent-filter>
171        </activity>
172        <activity
172-->[androidx.test:core:1.4.0] AndroidManifest.xml:35:9-42:20
173            android:name="androidx.test.core.app.InstrumentationActivityInvoker$EmptyActivity"
173-->[androidx.test:core:1.4.0] AndroidManifest.xml:36:13-95
174            android:exported="true"
174-->[androidx.test:core:1.4.0] AndroidManifest.xml:37:13-36
175            android:theme="@android:style/Theme" >
175-->[androidx.test:core:1.4.0] AndroidManifest.xml:38:13-49
176            <intent-filter>
176-->[androidx.test:core:1.4.0] AndroidManifest.xml:31:13-33:29
177                <action android:name="android.intent.action.MAIN" />
177-->src\main\AndroidManifest.xml:32:17-69
177-->src\main\AndroidManifest.xml:32:25-66
178            </intent-filter>
179        </activity>
180        <activity
180-->[androidx.test:core:1.4.0] AndroidManifest.xml:43:9-50:20
181            android:name="androidx.test.core.app.InstrumentationActivityInvoker$EmptyFloatingActivity"
181-->[androidx.test:core:1.4.0] AndroidManifest.xml:44:13-103
182            android:exported="true"
182-->[androidx.test:core:1.4.0] AndroidManifest.xml:45:13-36
183            android:theme="@android:style/Theme.Dialog" >
183-->[androidx.test:core:1.4.0] AndroidManifest.xml:46:13-56
184            <intent-filter>
184-->[androidx.test:core:1.4.0] AndroidManifest.xml:31:13-33:29
185                <action android:name="android.intent.action.MAIN" />
185-->src\main\AndroidManifest.xml:32:17-69
185-->src\main\AndroidManifest.xml:32:25-66
186            </intent-filter>
187        </activity>
188        <activity
188-->[androidx.compose.ui:ui-tooling:1.4.3] AndroidManifest.xml:23:9-25:39
189            android:name="androidx.compose.ui.tooling.PreviewActivity"
189-->[androidx.compose.ui:ui-tooling:1.4.3] AndroidManifest.xml:24:13-71
190            android:exported="true" />
190-->[androidx.compose.ui:ui-tooling:1.4.3] AndroidManifest.xml:25:13-36
191
192        <service
192-->[androidx.room:room-runtime:2.5.2] AndroidManifest.xml:24:9-28:63
193            android:name="androidx.room.MultiInstanceInvalidationService"
193-->[androidx.room:room-runtime:2.5.2] AndroidManifest.xml:25:13-74
194            android:directBootAware="true"
194-->[androidx.room:room-runtime:2.5.2] AndroidManifest.xml:26:13-43
195            android:exported="false" />
195-->[androidx.room:room-runtime:2.5.2] AndroidManifest.xml:27:13-37
196
197        <receiver
197-->[androidx.profileinstaller:profileinstaller:1.3.0] AndroidManifest.xml:34:9-52:20
198            android:name="androidx.profileinstaller.ProfileInstallReceiver"
198-->[androidx.profileinstaller:profileinstaller:1.3.0] AndroidManifest.xml:35:13-76
199            android:directBootAware="false"
199-->[androidx.profileinstaller:profileinstaller:1.3.0] AndroidManifest.xml:36:13-44
200            android:enabled="true"
200-->[androidx.profileinstaller:profileinstaller:1.3.0] AndroidManifest.xml:37:13-35
201            android:exported="true"
201-->[androidx.profileinstaller:profileinstaller:1.3.0] AndroidManifest.xml:38:13-36
202            android:permission="android.permission.DUMP" >
202-->[androidx.profileinstaller:profileinstaller:1.3.0] AndroidManifest.xml:39:13-57
203            <intent-filter>
203-->[androidx.profileinstaller:profileinstaller:1.3.0] AndroidManifest.xml:40:13-42:29
204                <action android:name="androidx.profileinstaller.action.INSTALL_PROFILE" />
204-->[androidx.profileinstaller:profileinstaller:1.3.0] AndroidManifest.xml:41:17-91
204-->[androidx.profileinstaller:profileinstaller:1.3.0] AndroidManifest.xml:41:25-88
205            </intent-filter>
206            <intent-filter>
206-->[androidx.profileinstaller:profileinstaller:1.3.0] AndroidManifest.xml:43:13-45:29
207                <action android:name="androidx.profileinstaller.action.SKIP_FILE" />
207-->[androidx.profileinstaller:profileinstaller:1.3.0] AndroidManifest.xml:44:17-85
207-->[androidx.profileinstaller:profileinstaller:1.3.0] AndroidManifest.xml:44:25-82
208            </intent-filter>
209            <intent-filter>
209-->[androidx.profileinstaller:profileinstaller:1.3.0] AndroidManifest.xml:46:13-48:29
210                <action android:name="androidx.profileinstaller.action.SAVE_PROFILE" />
210-->[androidx.profileinstaller:profileinstaller:1.3.0] AndroidManifest.xml:47:17-88
210-->[androidx.profileinstaller:profileinstaller:1.3.0] AndroidManifest.xml:47:25-85
211            </intent-filter>
212            <intent-filter>
212-->[androidx.profileinstaller:profileinstaller:1.3.0] AndroidManifest.xml:49:13-51:29
213                <action android:name="androidx.profileinstaller.action.BENCHMARK_OPERATION" />
213-->[androidx.profileinstaller:profileinstaller:1.3.0] AndroidManifest.xml:50:17-95
213-->[androidx.profileinstaller:profileinstaller:1.3.0] AndroidManifest.xml:50:25-92
214            </intent-filter>
215        </receiver>
216    </application>
217
218</manifest>